streamcore/build/intermediates/manifest_merge_blame_file/debug/manifest-merger-blame-debug-report.txt
1<?xml version="1.0" encoding="utf-8"?>
2<manifest xmlns:android="http://schemas.android.com/apk/res/android"
3    package="com.padyun.streamcore" >
4
5    <uses-sdk
6        android:minSdkVersion="19"
6-->src\main\AndroidManifest.xml
7        android:targetSdkVersion="28" />
7-->src\main\AndroidManifest.xml
8    <!-- OpenGL ES 2.0 -->
9    <uses-feature android:glEsVersion="0x00020000" />
9-->src\main\AndroidManifest.xml:4:5-54
9-->src\main\AndroidManifest.xml:4:19-51
10
11    <!-- Touchscreen support -->
12    <uses-feature
12-->src\main\AndroidManifest.xml:7:5-9:36
13        android:name="android.hardware.touchscreen"
13-->src\main\AndroidManifest.xml:8:9-52
14        android:required="false" />
14-->src\main\AndroidManifest.xml:9:9-33
15
16    <!-- Game getPlayerService support -->
17    <uses-feature
17-->src\main\AndroidManifest.xml:12:5-14:36
18        android:name="android.hardware.bluetooth"
18-->src\main\AndroidManifest.xml:13:9-50
19        android:required="false" />
19-->src\main\AndroidManifest.xml:14:9-33
20    <uses-feature
20-->src\main\AndroidManifest.xml:15:5-17:36
21        android:name="android.hardware.gamepad"
21-->src\main\AndroidManifest.xml:16:9-48
22        android:required="false" />
22-->src\main\AndroidManifest.xml:17:9-33
23    <uses-feature
23-->src\main\AndroidManifest.xml:18:5-20:36
24        android:name="android.hardware.usb.host"
24-->src\main\AndroidManifest.xml:19:9-49
25        android:required="false" />
25-->src\main\AndroidManifest.xml:20:9-33
26
27    <!-- External mouse input events -->
28    <uses-feature
28-->src\main\AndroidManifest.xml:23:5-25:36
29        android:name="android.hardware.type.pc"
29-->src\main\AndroidManifest.xml:24:9-48
30        android:required="false" />
30-->src\main\AndroidManifest.xml:25:9-33
31
32</manifest>